<?xml version="1.0" encoding="UTF-8"?>
<testsuite xmlns:xsi="http://www.w3.org/2001/XMLSchema-instance" xsi:noNamespaceSchemaLocation="https://maven.apache.org/surefire/maven-surefire-plugin/xsd/surefire-test-report-3.0.xsd" version="3.0" name="zest.LongestIncreasingSubsequenceTest" time="0.117" tests="7" errors="0" skipped="0" failures="0">
  <properties>
[...]
</properties>
  <testcase name="testEmptyArray" classname="zest.LongestIncreasingSubsequenceTest" time="0.059"/>
  <testcase name="testNull" classname="zest.LongestIncreasingSubsequenceTest" time="0.002"/>
  <testcase name="testAllElementsSame" classname="zest.LongestIncreasingSubsequenceTest" time="0.001"/>
  <testcase name="testMixedOrder" classname="zest.LongestIncreasingSubsequenceTest" time="0.001"/>
  <testcase name="testDescendingOrder" classname="zest.LongestIncreasingSubsequenceTest" time="0.002"/>
  <testcase name="testAlreadySorted" classname="zest.LongestIncreasingSubsequenceTest" time="0.001"/>
  <testcase name="testSingleElementArray" classname="zest.LongestIncreasingSubsequenceTest" time="0.001"/>
</testsuite>