<?xml version="1.0" encoding="UTF-8"?>
<testsuite xmlns:xsi="http://www.w3.org/2001/XMLSchema-instance" xsi:noNamespaceSchemaLocation="https://maven.apache.org/surefire/maven-surefire-plugin/xsd/surefire-test-report-3.0.xsd" version="3.0" name="zest.GenerateParenthesesTest" time="0.166" tests="6" errors="0" skipped="0" failures="0">
  <properties>
[...]
</properties>
  <testcase name="testRun" classname="zest.GenerateParenthesesTest" time="0.072">
    <system-out><![CDATA[n = 1,size: 1: [()]
n = 2,size: 2: [(()), ()()]
n = 3,size: 5: [((())), (()()), (())(), ()(()), ()()()]
n = 4,size: 14: [(((()))), ((()())), ((())()), ((()))(), (()(())), (()()()), (()())(), (())(()), (())()(), ()((())), ()(()()), ()(())(), ()()(()), ()()()()]
n = 5,size: 42: [((((())))), (((()()))), (((())())), (((()))()), (((())))(), ((()(()))), ((()()())), ((()())()), ((()()))(), ((())(())), ((())()()), ((())())(), ((()))(()), ((()))()(), (()((()))), (()(()())), (()(())()), (()(()))(), (()()(())), (()()()()), (()()())(), (()())(()), (()())()(), (())((())), (())(()()), (())(())(), (())()(()), (())()()(), ()(((()))), ()((()())), ()((())()), ()((()))(), ()(()(())), ()(()()()), ()(()())(), ()(())(()), ()(())()(), ()()((())), ()()(()()), ()()(())(), ()()()(()), ()()()()()]
n = 6,size: 132: [(((((()))))), ((((()())))), ((((())()))), ((((()))())), ((((())))()), ((((()))))(), (((()(())))), (((()()()))), (((()())())), (((()()))()), (((()())))(), (((())(()))), (((())()())), (((())())()), (((())()))(), (((()))(())), (((()))()()), (((()))())(), (((())))(()), (((())))()(), ((()((())))), ((()(()()))), ((()(())())), ((()(()))()), ((()(())))(), ((()()(()))), ((()()()())), ((()()())()), ((()()()))(), ((()())(())), ((()())()()), ((()())())(), ((()()))(()), ((()()))()(), ((())((()))), ((())(()())), ((())(())()), ((())(()))(), ((())()(())), ((())()()()), ((())()())(), ((())())(()), ((())())()(), ((()))((())), ((()))(()()), ((()))(())(), ((()))()(()), ((()))()()(), (()(((())))), (()((()()))), (()((())())), (()((()))()), (()((())))(), (()(()(()))), (()(()()())), (()(()())()), (()(()()))(), (()(())(())), (()(())()()), (()(())())(), (()(()))(()), (()(()))()(), (()()((()))), (()()(()())), (()()(())()), (()()(()))(), (()()()(())), (()()()()()), (()()()())(), (()()())(()), (()()())()(), (()())((())), (()())(()()), (()())(())(), (()())()(()), (()())()()(), (())(((()))), (())((()())), (())((())()), (())((()))(), (())(()(())), (())(()()()), (())(()())(), (())(())(()), (())(())()(), (())()((())), (())()(()()), (())()(())(), (())()()(()), (())()()()(), ()((((())))), ()(((()()))), ()(((())())), ()(((()))()), ()(((())))(), ()((()(()))), ()((()()())), ()((()())()), ()((()()))(), ()((())(())), ()((())()()), ()((())())(), ()((()))(()), ()((()))()(), ()(()((()))), ()(()(()())), ()(()(())()), ()(()(()))(), ()(()()(())), ()(()()()()), ()(()()())(), ()(()())(()), ()(()())()(), ()(())((())), ()(())(()()), ()(())(())(), ()(())()(()), ()(())()()(), ()()(((()))), ()()((()())), ()()((())()), ()()((()))(), ()()(()(())), ()()(()()()), ()()(()())(), ()()(())(()), ()()(())()(), ()()()((())), ()()()(()()), ()()()(())(), ()()()()(()), ()()()()()()]
n = 7,size: 429: [((((((())))))), (((((()()))))), (((((())())))), (((((()))()))), (((((())))())), (((((()))))()), (((((())))))(), ((((()(()))))), ((((()()())))), ((((()())()))), ((((()()))())), ((((()())))()), ((((()()))))(), ((((())(())))), ((((())()()))), ((((())())())), ((((())()))()), ((((())())))(), ((((()))(()))), ((((()))()())), ((((()))())()), ((((()))()))(), ((((())))(())), ((((())))()()), ((((())))())(), ((((()))))(()), ((((()))))()(), (((()((()))))), (((()(()())))), (((()(())()))), (((()(()))())), (((()(())))()), (((()(()))))(), (((()()(())))), (((()()()()))), (((()()())())), (((()()()))()), (((()()())))(), (((()())(()))), (((()())()())), (((()())())()), (((()())()))(), (((()()))(())), (((()()))()()), (((()()))())(), (((()())))(()), (((()())))()(), (((())((())))), (((())(()()))), (((())(())())), (((())(()))()), (((())(())))(), (((())()(()))), (((())()()())), (((())()())()), (((())()()))(), (((())())(())), (((())())()()), (((())())())(), (((())()))(()), (((())()))()(), (((()))((()))), (((()))(()())), (((()))(())()), (((()))(()))(), (((()))()(())), (((()))()()()), (((()))()())(), (((()))())(()), (((()))())()(), (((())))((())), (((())))(()()), (((())))(())(), (((())))()(()), (((())))()()(), ((()(((()))))), ((()((()())))), ((()((())()))), ((()((()))())), ((()((())))()), ((()((()))))(), ((()(()(())))), ((()(()()()))), ((()(()())())), ((()(()()))()), ((()(()())))(), ((()(())(()))), ((()(())()())), ((()(())())()), ((()(())()))(), ((()(()))(())), ((()(()))()()), ((()(()))())(), ((()(())))(()), ((()(())))()(), ((()()((())))), ((()()(()()))), ((()()(())())), ((()()(()))()), ((()()(())))(), ((()()()(()))), ((()()()()())), ((()()()())()), ((()()()()))(), ((()()())(())), ((()()())()()), ((()()())())(), ((()()()))(()), ((()()()))()(), ((()())((()))), ((()())(()())), ((()())(())()), ((()())(()))(), ((()())()(())), ((()())()()()), ((()())()())(), ((()())())(()), ((()())())()(), ((()()))((())), ((()()))(()()), ((()()))(())(), ((()()))()(()), ((()()))()()(), ((())(((())))), ((())((()()))), ((())((())())), ((())((()))()), ((())((())))(), ((())(()(()))), ((())(()()())), ((())(()())()), ((())(()()))(), ((())(())(())), ((())(())()()), ((())(())())(), ((())(()))(()), ((())(()))()(), ((())()((()))), ((())()(()())), ((())()(())()), ((())()(()))(), ((())()()(())), ((())()()()()), ((())()()())(), ((())()())(()), ((())()())()(), ((())())((())), ((())())(()()), ((())())(())(), ((())())()(()), ((())())()()(), ((()))(((()))), ((()))((()())), ((()))((())()), ((()))((()))(), ((()))(()(())), ((()))(()()()), ((()))(()())(), ((()))(())(()), ((()))(())()(), ((()))()((())), ((()))()(()()), ((()))()(())(), ((()))()()(()), ((()))()()()(), (()((((()))))), (()(((()())))), (()(((())()))), (()(((()))())), (()(((())))()), (()(((()))))(), (()((()(())))), (()((()()()))), (()((()())())), (()((()()))()), (()((()())))(), (()((())(()))), (()((())()())), (()((())())()), (()((())()))(), (()((()))(())), (()((()))()()), (()((()))())(), (()((())))(()), (()((())))()(), (()(()((())))), (()(()(()()))), (()(()(())())), (()(()(()))()), (()(()(())))(), (()(()()(()))), (()(()()()())), (()(()()())()), (()(()()()))(), (()(()())(())), (()(()())()()), (()(()())())(), (()(()()))(()), (()(()()))()(), (()(())((()))), (()(())(()())), (()(())(())()), (()(())(()))(), (()(())()(())), (()(())()()()), (()(())()())(), (()(())())(()), (()(())())()(), (()(()))((())), (()(()))(()()), (()(()))(())(), (()(()))()(()), (()(()))()()(), (()()(((())))), (()()((()()))), (()()((())())), (()()((()))()), (()()((())))(), (()()(()(()))), (()()(()()())), (()()(()())()), (()()(()()))(), (()()(())(())), (()()(())()()), (()()(())())(), (()()(()))(()), (()()(()))()(), (()()()((()))), (()()()(()())), (()()()(())()), (()()()(()))(), (()()()()(())), (()()()()()()), (()()()()())(), (()()()())(()), (()()()())()(), (()()())((())), (()()())(()()), (()()())(())(), (()()())()(()), (()()())()()(), (()())(((()))), (()())((()())), (()())((())()), (()())((()))(), (()())(()(())), (()())(()()()), (()())(()())(), (()())(())(()), (()())(())()(), (()())()((())), (()())()(()()), (()())()(())(), (()())()()(()), (()())()()()(), (())((((())))), (())(((()()))), (())(((())())), (())(((()))()), (())(((())))(), (())((()(()))), (())((()()())), (())((()())()), (())((()()))(), (())((())(())), (())((())()()), (())((())())(), (())((()))(()), (())((()))()(), (())(()((()))), (())(()(()())), (())(()(())()), (())(()(()))(), (())(()()(())), (())(()()()()), (())(()()())(), (())(()())(()), (())(()())()(), (())(())((())), (())(())(()()), (())(())(())(), (())(())()(()), (())(())()()(), (())()(((()))), (())()((()())), (())()((())()), (())()((()))(), (())()(()(())), (())()(()()()), (())()(()())(), (())()(())(()), (())()(())()(), (())()()((())), (())()()(()()), (())()()(())(), (())()()()(()), (())()()()()(), ()(((((()))))), ()((((()())))), ()((((())()))), ()((((()))())), ()((((())))()), ()((((()))))(), ()(((()(())))), ()(((()()()))), ()(((()())())), ()(((()()))()), ()(((()())))(), ()(((())(()))), ()(((())()())), ()(((())())()), ()(((())()))(), ()(((()))(())), ()(((()))()()), ()(((()))())(), ()(((())))(()), ()(((())))()(), ()((()((())))), ()((()(()()))), ()((()(())())), ()((()(()))()), ()((()(())))(), ()((()()(()))), ()((()()()())), ()((()()())()), ()((()()()))(), ()((()())(())), ()((()())()()), ()((()())())(), ()((()()))(()), ()((()()))()(), ()((())((()))), ()((())(()())), ()((())(())()), ()((())(()))(), ()((())()(())), ()((())()()()), ()((())()())(), ()((())())(()), ()((())())()(), ()((()))((())), ()((()))(()()), ()((()))(())(), ()((()))()(()), ()((()))()()(), ()(()(((())))), ()(()((()()))), ()(()((())())), ()(()((()))()), ()(()((())))(), ()(()(()(()))), ()(()(()()())), ()(()(()())()), ()(()(()()))(), ()(()(())(())), ()(()(())()()), ()(()(())())(), ()(()(()))(()), ()(()(()))()(), ()(()()((()))), ()(()()(()())), ()(()()(())()), ()(()()(()))(), ()(()()()(())), ()(()()()()()), ()(()()()())(), ()(()()())(()), ()(()()())()(), ()(()())((())), ()(()())(()()), ()(()())(())(), ()(()())()(()), ()(()())()()(), ()(())(((()))), ()(())((()())), ()(())((())()), ()(())((()))(), ()(())(()(())), ()(())(()()()), ()(())(()())(), ()(())(())(()), ()(())(())()(), ()(())()((())), ()(())()(()()), ()(())()(())(), ()(())()()(()), ()(())()()()(), ()()((((())))), ()()(((()()))), ()()(((())())), ()()(((()))()), ()()(((())))(), ()()((()(()))), ()()((()()())), ()()((()())()), ()()((()()))(), ()()((())(())), ()()((())()()), ()()((())())(), ()()((()))(()), ()()((()))()(), ()()(()((()))), ()()(()(()())), ()()(()(())()), ()()(()(()))(), ()()(()()(())), ()()(()()()()), ()()(()()())(), ()()(()())(()), ()()(()())()(), ()()(())((())), ()()(())(()()), ()()(())(())(), ()()(())()(()), ()()(())()()(), ()()()(((()))), ()()()((()())), ()()()((())()), ()()()((()))(), ()()()(()(())), ()()()(()()()), ()()()(()())(), ()()()(())(()), ()()()(())()(), ()()()()((())), ()()()()(()()), ()()()()(())(), ()()()()()(()), ()()()()()()()]
n = 8,size: 1430: [(((((((()))))))), ((((((()())))))), ((((((())()))))), ((((((()))())))), ((((((())))()))), ((((((()))))())), ((((((())))))()), ((((((()))))))(), (((((()(())))))), (((((()()()))))), (((((()())())))), (((((()()))()))), (((((()())))())), (((((()()))))()), (((((()())))))(), (((((())(()))))), (((((())()())))), (((((())())()))), (((((())()))())), (((((())())))()), (((((())()))))(), (((((()))(())))), (((((()))()()))), (((((()))())())), (((((()))()))()), (((((()))())))(), (((((())))(()))), (((((())))()())), (((((())))())()), (((((())))()))(), (((((()))))(())), (((((()))))()()), (((((()))))())(), (((((())))))(()), (((((())))))()(), ((((()((())))))), ((((()(()()))))), ((((()(())())))), ((((()(()))()))), ((((()(())))())), ((((()(()))))()), ((((()(())))))(), ((((()()(()))))), ((((()()()())))), ((((()()())()))), ((((()()()))())), ((((()()())))()), ((((()()()))))(), ((((()())(())))), ((((()())()()))), ((((()())())())), ((((()())()))()), ((((()())())))(), ((((()()))(()))), ((((()()))()())), ((((()()))())()), ((((()()))()))(), ((((()())))(())), ((((()())))()()), ((((()())))())(), ((((()()))))(()), ((((()()))))()(), ((((())((()))))), ((((())(()())))), ((((())(())()))), ((((())(()))())), ((((())(())))()), ((((())(()))))(), ((((())()(())))), ((((())()()()))), ((((())()())())), ((((())()()))()), ((((())()())))(), ((((())())(()))), ((((())())()())), ((((())())())()), ((((())())()))(), ((((())()))(())), ((((())()))()()), ((((())()))())(), ((((())())))(()), ((((())())))()(), ((((()))((())))), ((((()))(()()))), ((((()))(())())), ((((()))(()))()), ((((()))(())))(), ((((()))()(()))), ((((()))()()())), ((((()))()())()), ((((()))()()))(), ((((()))())(())), ((((()))())()()), ((((()))())())(), ((((()))()))(()), ((((()))()))()(), ((((())))((()))), ((((())))(()())), ((((())))(())()), ((((())))(()))(), ((((())))()(())), ((((())))()()()), ((((())))()())(), ((((())))())(()), ((((())))())()(), ((((()))))((())), ((((()))))(()()), ((((()))))(())(), ((((()))))()(()), ((((()))))()()(), (((()(((())))))), (((()((()()))))), (((()((())())))), (((()((()))()))), (((()((())))())), (((()((()))))()), (((()((())))))(), (((()(()(()))))), (((()(()()())))), (((()(()())()))), (((()(()()))())), (((()(()())))()), (((()(()()))))(), (((()(())(())))), (((()(())()()))), (((()(())())())), (((()(())()))()), (((()(())())))(), (((()(()))(()))), (((()(()))()())), (((()(()))())()), (((()(()))()))(), (((()(())))(())), (((()(())))()()), (((()(())))())(), (((()(()))))(()), (((()(()))))()(), (((()()((()))))), (((()()(()())))), (((()()(())()))), (((()()(()))())), (((()()(())))()), (((()()(()))))(), (((()()()(())))), (((()()()()()))), (((()()()())())), (((()()()()))()), (((()()()())))(), (((()()())(()))), (((()()())()())), (((()()())())()), (((()()())()))(), (((()()()))(())), (((()()()))()()), (((()()()))())(), (((()()())))(()), (((()()())))()(), (((()())((())))), (((()())(()()))), (((()())(())())), (((()())(()))()), (((()())(())))(), (((()())()(()))), (((()())()()())), (((()())()())()), (((()())()()))(), (((()())())(())), (((()())())()()), (((()())())())(), (((()())()))(()), (((()())()))()(), (((()()))((()))), (((()()))(()())), (((()()))(())()), (((()()))(()))(), (((()()))()(())), (((()()))()()()), (((()()))()())(), (((()()))())(()), (((()()))())()(), (((()())))((())), (((()())))(()()), (((()())))(())(), (((()())))()(()), (((()())))()()(), (((())(((()))))), (((())((()())))), (((())((())()))), (((())((()))())), (((())((())))()), (((())((()))))(), (((())(()(())))), (((())(()()()))), (((())(()())())), (((())(()()))()), (((())(()())))(), (((())(())(()))), (((())(())()())), (((())(())())()), (((())(())()))(), (((())(()))(())), (((())(()))()()), (((())(()))())(), (((())(())))(()), (((())(())))()(), (((())()((())))), (((())()(()()))), (((())()(())())), (((())()(()))()), (((())()(())))(), (((())()()(()))), (((())()()()())), (((())()()())()), (((())()()()))(), (((())()())(())), (((())()())()()), (((())()())())(), (((())()()))(()), (((())()()))()(), (((())())((()))), (((())())(()())), (((())())(())()), (((())())(()))(), (((())())()(())), (((())())()()()), (((())())()())(), (((())())())(()), (((())())())()(), (((())()))((())), (((())()))(()()), (((())()))(())(), (((())()))()(()), (((())()))()()(), (((()))(((())))), (((()))((()()))), (((()))((())())), (((()))((()))()), (((()))((())))(), (((()))(()(()))), (((()))(()()())), (((()))(()())()), (((()))(()()))(), (((()))(())(())), (((()))(())()()), (((()))(())())(), (((()))(()))(()), (((()))(()))()(), (((()))()((()))), (((()))()(()())), (((()))()(())()), (((()))()(()))(), (((()))()()(())), (((()))()()()()), (((()))()()())(), (((()))()())(()), (((()))()())()(), (((()))())((())), (((()))())(()()), (((()))())(())(), (((()))())()(()), (((()))())()()(), (((())))(((()))), (((())))((()())), (((())))((())()), (((())))((()))(), (((())))(()(())), (((())))(()()()), (((())))(()())(), (((())))(())(()), (((())))(())()(), (((())))()((())), (((())))()(()()), (((())))()(())(), (((())))()()(()), (((())))()()()(), ((()((((())))))), ((()(((()()))))), ((()(((())())))), ((()(((()))()))), ((()(((())))())), ((()(((()))))()), ((()(((())))))(), ((()((()(()))))), ((()((()()())))), ((()((()())()))), ((()((()()))())), ((()((()())))()), ((()((()()))))(), ((()((())(())))), ((()((())()()))), ((()((())())())), ((()((())()))()), ((()((())())))(), ((()((()))(()))), ((()((()))()())), ((()((()))())()), ((()((()))()))(), ((()((())))(())), ((()((())))()()), ((()((())))())(), ((()((()))))(()), ((()((()))))()(), ((()(()((()))))), ((()(()(()())))), ((()(()(())()))), ((()(()(()))())), ((()(()(())))()), ((()(()(()))))(), ((()(()()(())))), ((()(()()()()))), ((()(()()())())), ((()(()()()))()), ((()(()()())))(), ((()(()())(()))), ((()(()())()())), ((()(()())())()), ((()(()())()))(), ((()(()()))(())), ((()(()()))()()), ((()(()()))())(), ((()(()())))(()), ((()(()())))()(), ((()(())((())))), ((()(())(()()))), ((()(())(())())), ((()(())(()))()), ((()(())(())))(), ((()(())()(()))), ((()(())()()())), ((()(())()())()), ((()(())()()))(), ((()(())())(())), ((()(())())()()), ((()(())())())(), ((()(())()))(()), ((()(())()))()(), ((()(()))((()))), ((()(()))(()())), ((()(()))(())()), ((()(()))(()))(), ((()(()))()(())), ((()(()))()()()), ((()(()))()())(), ((()(()))())(()), ((()(()))())()(), ((()(())))((())), ((()(())))(()()), ((()(())))(())(), ((()(())))()(()), ((()(())))()()(), ((()()(((()))))), ((()()((()())))), ((()()((())()))), ((()()((()))())), ((()()((())))()), ((()()((()))))(), ((()()(()(())))), ((()()(()()()))), ((()()(()())())), ((()()(()()))()), ((()()(()())))(), ((()()(())(()))), ((()()(())()())), ((()()(())())()), ((()()(())()))(), ((()()(()))(())), ((()()(()))()()), ((()()(()))())(), ((()()(())))(()), ((()()(())))()(), ((()()()((())))), ((()()()(()()))), ((()()()(())())), ((()()()(()))()), ((()()()(())))(), ((()()()()(()))), ((()()()()()())), ((()()()()())()), ((()()()()()))(), ((()()()())(())), ((()()()())()()), ((()()()())())(), ((()()()()))(()), ((()()()()))()(), ((()()())((()))), ((()()())(()())), ((()()())(())()), ((()()())(()))(), ((()()())()(())), ((()()())()()()), ((()()())()())(), ((()()())())(()), ((()()())())()(), ((()()()))((())), ((()()()))(()()), ((()()()))(())(), ((()()()))()(()), ((()()()))()()(), ((()())(((())))), ((()())((()()))), ((()())((())())), ((()())((()))()), ((()())((())))(), ((()())(()(()))), ((()())(()()())), ((()())(()())()), ((()())(()()))(), ((()())(())(())), ((()())(())()()), ((()())(())())(), ((()())(()))(()), ((()())(()))()(), ((()())()((()))), ((()())()(()())), ((()())()(())()), ((()())()(()))(), ((()())()()(())), ((()())()()()()), ((()())()()())(), ((()())()())(()), ((()())()())()(), ((()())())((())), ((()())())(()()), ((()())())(())(), ((()())())()(()), ((()())())()()(), ((()()))(((()))), ((()()))((()())), ((()()))((())()), ((()()))((()))(), ((()()))(()(())), ((()()))(()()()), ((()()))(()())(), ((()()))(())(()), ((()()))(())()(), ((()()))()((())), ((()()))()(()()), ((()()))()(())(), ((()()))()()(()), ((()()))()()()(), ((())((((()))))), ((())(((()())))), ((())(((())()))), ((())(((()))())), ((())(((())))()), ((())(((()))))(), ((())((()(())))), ((())((()()()))), ((())((()())())), ((())((()()))()), ((())((()())))(), ((())((())(()))), ((())((())()())), ((())((())())()), ((())((())()))(), ((())((()))(())), ((())((()))()()), ((())((()))())(), ((())((())))(()), ((())((())))()(), ((())(()((())))), ((())(()(()()))), ((())(()(())())), ((())(()(()))()), ((())(()(())))(), ((())(()()(()))), ((())(()()()())), ((())(()()())()), ((())(()()()))(), ((())(()())(())), ((())(()())()()), ((())(()())())(), ((())(()()))(()), ((())(()()))()(), ((())(())((()))), ((())(())(()())), ((())(())(())()), ((())(())(()))(), ((())(())()(())), ((())(())()()()), ((())(())()())(), ((())(())())(()), ((())(())())()(), ((())(()))((())), ((())(()))(()()), ((())(()))(())(), ((())(()))()(()), ((())(()))()()(), ((())()(((())))), ((())()((()()))), ((())()((())())), ((())()((()))()), ((())()((())))(), ((())()(()(()))), ((())()(()()())), ((())()(()())()), ((())()(()()))(), ((())()(())(())), ((())()(())()()), ((())()(())())(), ((())()(()))(()), ((())()(()))()(), ((())()()((()))), ((())()()(()())), ((())()()(())()), ((())()()(()))(), ((())()()()(())), ((())()()()()()), ((())()()()())(), ((())()()())(()), ((())()()())()(), ((())()())((())), ((())()())(()()), ((())()())(())(), ((())()())()(()), ((())()())()()(), ((())())(((()))), ((())())((()())), ((())())((())()), ((())())((()))(), ((())())(()(())), ((())())(()()()), ((())())(()())(), ((())())(())(()), ((())())(())()(), ((())())()((())), ((())())()(()()), ((())())()(())(), ((())())()()(()), ((())())()()()(), ((()))((((())))), ((()))(((()()))), ((()))(((())())), ((()))(((()))()), ((()))(((())))(), ((()))((()(()))), ((()))((()()())), ((()))((()())()), ((()))((()()))(), ((()))((())(())), ((()))((())()()), ((()))((())())(), ((()))((()))(()), ((()))((()))()(), ((()))(()((()))), ((()))(()(()())), ((()))(()(())()), ((()))(()(()))(), ((()))(()()(())), ((()))(()()()()), ((()))(()()())(), ((()))(()())(()), ((()))(()())()(), ((()))(())((())), ((()))(())(()()), ((()))(())(())(), ((()))(())()(()), ((()))(())()()(), ((()))()(((()))), ((()))()((()())), ((()))()((())()), ((()))()((()))(), ((()))()(()(())), ((()))()(()()()), ((()))()(()())(), ((()))()(())(()), ((()))()(())()(), ((()))()()((())), ((()))()()(()()), ((()))()()(())(), ((()))()()()(()), ((()))()()()()(), (()(((((())))))), (()((((()()))))), (()((((())())))), (()((((()))()))), (()((((())))())), (()((((()))))()), (()((((())))))(), (()(((()(()))))), (()(((()()())))), (()(((()())()))), (()(((()()))())), (()(((()())))()), (()(((()()))))(), (()(((())(())))), (()(((())()()))), (()(((())())())), (()(((())()))()), (()(((())())))(), (()(((()))(()))), (()(((()))()())), (()(((()))())()), (()(((()))()))(), (()(((())))(())), (()(((())))()()), (()(((())))())(), (()(((()))))(()), (()(((()))))()(), (()((()((()))))), (()((()(()())))), (()((()(())()))), (()((()(()))())), (()((()(())))()), (()((()(()))))(), (()((()()(())))), (()((()()()()))), (()((()()())())), (()((()()()))()), (()((()()())))(), (()((()())(()))), (()((()())()())), (()((()())())()), (()((()())()))(), (()((()()))(())), (()((()()))()()), (()((()()))())(), (()((()())))(()), (()((()())))()(), (()((())((())))), (()((())(()()))), (()((())(())())), (()((())(()))()), (()((())(())))(), (()((())()(()))), (()((())()()())), (()((())()())()), (()((())()()))(), (()((())())(())), (()((())())()()), (()((())())())(), (()((())()))(()), (()((())()))()(), (()((()))((()))), (()((()))(()())), (()((()))(())()), (()((()))(()))(), (()((()))()(())), (()((()))()()()), (()((()))()())(), (()((()))())(()), (()((()))())()(), (()((())))((())), (()((())))(()()), (()((())))(())(), (()((())))()(()), (()((())))()()(), (()(()(((()))))), (()(()((()())))), (()(()((())()))), (()(()((()))())), (()(()((())))()), (()(()((()))))(), (()(()(()(())))), (()(()(()()()))), (()(()(()())())), (()(()(()()))()), (()(()(()())))(), (()(()(())(()))), (()(()(())()())), (()(()(())())()), (()(()(())()))(), (()(()(()))(())), (()(()(()))()()), (()(()(()))())(), (()(()(())))(()), (()(()(())))()(), (()(()()((())))), (()(()()(()()))), (()(()()(())())), (()(()()(()))()), (()(()()(())))(), (()(()()()(()))), (()(()()()()())), (()(()()()())()), (()(()()()()))(), (()(()()())(())), (()(()()())()()), (()(()()())())(), (()(()()()))(()), (()(()()()))()(), (()(()())((()))), (()(()())(()())), (()(()())(())()), (()(()())(()))(), (()(()())()(())), (()(()())()()()), (()(()())()())(), (()(()())())(()), (()(()())())()(), (()(()()))((())), (()(()()))(()()), (()(()()))(())(), (()(()()))()(()), (()(()()))()()(), (()(())(((())))), (()(())((()()))), (()(())((())())), (()(())((()))()), (()(())((())))(), (()(())(()(()))), (()(())(()()())), (()(())(()())()), (()(())(()()))(), (()(())(())(())), (()(())(())()()), (()(())(())())(), (()(())(()))(()), (()(())(()))()(), (()(())()((()))), (()(())()(()())), (()(())()(())()), (()(())()(()))(), (()(())()()(())), (()(())()()()()), (()(())()()())(), (()(())()())(()), (()(())()())()(), (()(())())((())), (()(())())(()()), (()(())())(())(), (()(())())()(()), (()(())())()()(), (()(()))(((()))), (()(()))((()())), (()(()))((())()), (()(()))((()))(), (()(()))(()(())), (()(()))(()()()), (()(()))(()())(), (()(()))(())(()), (()(()))(())()(), (()(()))()((())), (()(()))()(()()), (()(()))()(())(), (()(()))()()(()), (()(()))()()()(), (()()((((()))))), (()()(((()())))), (()()(((())()))), (()()(((()))())), (()()(((())))()), (()()(((()))))(), (()()((()(())))), (()()((()()()))), (()()((()())())), (()()((()()))()), (()()((()())))(), (()()((())(()))), (()()((())()())), (()()((())())()), (()()((())()))(), (()()((()))(())), (()()((()))()()), (()()((()))())(), (()()((())))(()), (()()((())))()(), (()()(()((())))), (()()(()(()()))), (()()(()(())())), (()()(()(()))()), (()()(()(())))(), (()()(()()(()))), (()()(()()()())), (()()(()()())()), (()()(()()()))(), (()()(()())(())), (()()(()())()()), (()()(()())())(), (()()(()()))(()), (()()(()()))()(), (()()(())((()))), (()()(())(()())), (()()(())(())()), (()()(())(()))(), (()()(())()(())), (()()(())()()()), (()()(())()())(), (()()(())())(()), (()()(())())()(), (()()(()))((())), (()()(()))(()()), (()()(()))(())(), (()()(()))()(()), (()()(()))()()(), (()()()(((())))), (()()()((()()))), (()()()((())())), (()()()((()))()), (()()()((())))(), (()()()(()(()))), (()()()(()()())), (()()()(()())()), (()()()(()()))(), (()()()(())(())), (()()()(())()()), (()()()(())())(), (()()()(()))(()), (()()()(()))()(), (()()()()((()))), (()()()()(()())), (()()()()(())()), (()()()()(()))(), (()()()()()(())), (()()()()()()()), (()()()()()())(), (()()()()())(()), (()()()()())()(), (()()()())((())), (()()()())(()()), (()()()())(())(), (()()()())()(()), (()()()())()()(), (()()())(((()))), (()()())((()())), (()()())((())()), (()()())((()))(), (()()())(()(())), (()()())(()()()), (()()())(()())(), (()()())(())(()), (()()())(())()(), (()()())()((())), (()()())()(()()), (()()())()(())(), (()()())()()(()), (()()())()()()(), (()())((((())))), (()())(((()()))), (()())(((())())), (()())(((()))()), (()())(((())))(), (()())((()(()))), (()())((()()())), (()())((()())()), (()())((()()))(), (()())((())(())), (()())((())()()), (()())((())())(), (()())((()))(()), (()())((()))()(), (()())(()((()))), (()())(()(()())), (()())(()(())()), (()())(()(()))(), (()())(()()(())), (()())(()()()()), (()())(()()())(), (()())(()())(()), (()())(()())()(), (()())(())((())), (()())(())(()()), (()())(())(())(), (()())(())()(()), (()())(())()()(), (()())()(((()))), (()())()((()())), (()())()((())()), (()())()((()))(), (()())()(()(())), (()())()(()()()), (()())()(()())(), (()())()(())(()), (()())()(())()(), (()())()()((())), (()())()()(()()), (()())()()(())(), (()())()()()(()), (()())()()()()(), (())(((((()))))), (())((((()())))), (())((((())()))), (())((((()))())), (())((((())))()), (())((((()))))(), (())(((()(())))), (())(((()()()))), (())(((()())())), (())(((()()))()), (())(((()())))(), (())(((())(()))), (())(((())()())), (())(((())())()), (())(((())()))(), (())(((()))(())), (())(((()))()()), (())(((()))())(), (())(((())))(()), (())(((())))()(), (())((()((())))), (())((()(()()))), (())((()(())())), (())((()(()))()), (())((()(())))(), (())((()()(()))), (())((()()()())), (())((()()())()), (())((()()()))(), (())((()())(())), (())((()())()()), (())((()())())(), (())((()()))(()), (())((()()))()(), (())((())((()))), (())((())(()())), (())((())(())()), (())((())(()))(), (())((())()(())), (())((())()()()), (())((())()())(), (())((())())(()), (())((())())()(), (())((()))((())), (())((()))(()()), (())((()))(())(), (())((()))()(()), (())((()))()()(), (())(()(((())))), (())(()((()()))), (())(()((())())), (())(()((()))()), (())(()((())))(), (())(()(()(()))), (())(()(()()())), (())(()(()())()), (())(()(()()))(), (())(()(())(())), (())(()(())()()), (())(()(())())(), (())(()(()))(()), (())(()(()))()(), (())(()()((()))), (())(()()(()())), (())(()()(())()), (())(()()(()))(), (())(()()()(())), (())(()()()()()), (())(()()()())(), (())(()()())(()), (())(()()())()(), (())(()())((())), (())(()())(()()), (())(()())(())(), (())(()())()(()), (())(()())()()(), (())(())(((()))), (())(())((()())), (())(())((())()), (())(())((()))(), (())(())(()(())), (())(())(()()()), (())(())(()())(), (())(())(())(()), (())(())(())()(), (())(())()((())), (())(())()(()()), (())(())()(())(), (())(())()()(()), (())(())()()()(), (())()((((())))), (())()(((()()))), (())()(((())())), (())()(((()))()), (())()(((())))(), (())()((()(()))), (())()((()()())), (())()((()())()), (())()((()()))(), (())()((())(())), (())()((())()()), (())()((())())(), (())()((()))(()), (())()((()))()(), (())()(()((()))), (())()(()(()())), (())()(()(())()), (())()(()(()))(), (())()(()()(())), (())()(()()()()), (())()(()()())(), (())()(()())(()), (())()(()())()(), (())()(())((())), (())()(())(()()), (())()(())(())(), (())()(())()(()), (())()(())()()(), (())()()(((()))), (())()()((()())), (())()()((())()), (())()()((()))(), (())()()(()(())), (())()()(()()()), (())()()(()())(), (())()()(())(()), (())()()(())()(), (())()()()((())), (())()()()(()()), (())()()()(())(), (())()()()()(()), (())()()()()()(), ()((((((())))))), ()(((((()()))))), ()(((((())())))), ()(((((()))()))), ()(((((())))())), ()(((((()))))()), ()(((((())))))(), ()((((()(()))))), ()((((()()())))), ()((((()())()))), ()((((()()))())), ()((((()())))()), ()((((()()))))(), ()((((())(())))), ()((((())()()))), ()((((())())())), ()((((())()))()), ()((((())())))(), ()((((()))(()))), ()((((()))()())), ()((((()))())()), ()((((()))()))(), ()((((())))(())), ()((((())))()()), ()((((())))())(), ()((((()))))(()), ()((((()))))()(), ()(((()((()))))), ()(((()(()())))), ()(((()(())()))), ()(((()(()))())), ()(((()(())))()), ()(((()(()))))(), ()(((()()(())))), ()(((()()()()))), ()(((()()())())), ()(((()()()))()), ()(((()()())))(), ()(((()())(()))), ()(((()())()())), ()(((()())())()), ()(((()())()))(), ()(((()()))(())), ()(((()()))()()), ()(((()()))())(), ()(((()())))(()), ()(((()())))()(), ()(((())((())))), ()(((())(()()))), ()(((())(())())), ()(((())(()))()), ()(((())(())))(), ()(((())()(()))), ()(((())()()())), ()(((())()())()), ()(((())()()))(), ()(((())())(())), ()(((())())()()), ()(((())())())(), ()(((())()))(()), ()(((())()))()(), ()(((()))((()))), ()(((()))(()())), ()(((()))(())()), ()(((()))(()))(), ()(((()))()(())), ()(((()))()()()), ()(((()))()())(), ()(((()))())(()), ()(((()))())()(), ()(((())))((())), ()(((())))(()()), ()(((())))(())(), ()(((())))()(()), ()(((())))()()(), ()((()(((()))))), ()((()((()())))), ()((()((())()))), ()((()((()))())), ()((()((())))()), ()((()((()))))(), ()((()(()(())))), ()((()(()()()))), ()((()(()())())), ()((()(()()))()), ()((()(()())))(), ()((()(())(()))), ()((()(())()())), ()((()(())())()), ()((()(())()))(), ()((()(()))(())), ()((()(()))()()), ()((()(()))())(), ()((()(())))(()), ()((()(())))()(), ()((()()((())))), ()((()()(()()))), ()((()()(())())), ()((()()(()))()), ()((()()(())))(), ()((()()()(()))), ()((()()()()())), ()((()()()())()), ()((()()()()))(), ()((()()())(())), ()((()()())()()), ()((()()())())(), ()((()()()))(()), ()((()()()))()(), ()((()())((()))), ()((()())(()())), ()((()())(())()), ()((()())(()))(), ()((()())()(())), ()((()())()()()), ()((()())()())(), ()((()())())(()), ()((()())())()(), ()((()()))((())), ()((()()))(()()), ()((()()))(())(), ()((()()))()(()), ()((()()))()()(), ()((())(((())))), ()((())((()()))), ()((())((())())), ()((())((()))()), ()((())((())))(), ()((())(()(()))), ()((())(()()())), ()((())(()())()), ()((())(()()))(), ()((())(())(())), ()((())(())()()), ()((())(())())(), ()((())(()))(()), ()((())(()))()(), ()((())()((()))), ()((())()(()())), ()((())()(())()), ()((())()(()))(), ()((())()()(())), ()((())()()()()), ()((())()()())(), ()((())()())(()), ()((())()())()(), ()((())())((())), ()((())())(()()), ()((())())(())(), ()((())())()(()), ()((())())()()(), ()((()))(((()))), ()((()))((()())), ()((()))((())()), ()((()))((()))(), ()((()))(()(())), ()((()))(()()()), ()((()))(()())(), ()((()))(())(()), ()((()))(())()(), ()((()))()((())), ()((()))()(()()), ()((()))()(())(), ()((()))()()(()), ()((()))()()()(), ()(()((((()))))), ()(()(((()())))), ()(()(((())()))), ()(()(((()))())), ()(()(((())))()), ()(()(((()))))(), ()(()((()(())))), ()(()((()()()))), ()(()((()())())), ()(()((()()))()), ()(()((()())))(), ()(()((())(()))), ()(()((())()())), ()(()((())())()), ()(()((())()))(), ()(()((()))(())), ()(()((()))()()), ()(()((()))())(), ()(()((())))(()), ()(()((())))()(), ()(()(()((())))), ()(()(()(()()))), ()(()(()(())())), ()(()(()(()))()), ()(()(()(())))(), ()(()(()()(()))), ()(()(()()()())), ()(()(()()())()), ()(()(()()()))(), ()(()(()())(())), ()(()(()())()()), ()(()(()())())(), ()(()(()()))(()), ()(()(()()))()(), ()(()(())((()))), ()(()(())(()())), ()(()(())(())()), ()(()(())(()))(), ()(()(())()(())), ()(()(())()()()), ()(()(())()())(), ()(()(())())(()), ()(()(())())()(), ()(()(()))((())), ()(()(()))(()()), ()(()(()))(())(), ()(()(()))()(()), ()(()(()))()()(), ()(()()(((())))), ()(()()((()()))), ()(()()((())())), ()(()()((()))()), ()(()()((())))(), ()(()()(()(()))), ()(()()(()()())), ()(()()(()())()), ()(()()(()()))(), ()(()()(())(())), ()(()()(())()()), ()(()()(())())(), ()(()()(()))(()), ()(()()(()))()(), ()(()()()((()))), ()(()()()(()())), ()(()()()(())()), ()(()()()(()))(), ()(()()()()(())), ()(()()()()()()), ()(()()()()())(), ()(()()()())(()), ()(()()()())()(), ()(()()())((())), ()(()()())(()()), ()(()()())(())(), ()(()()())()(()), ()(()()())()()(), ()(()())(((()))), ()(()())((()())), ()(()())((())()), ()(()())((()))(), ()(()())(()(())), ()(()())(()()()), ()(()())(()())(), ()(()())(())(()), ()(()())(())()(), ()(()())()((())), ()(()())()(()()), ()(()())()(())(), ()(()())()()(()), ()(()())()()()(), ()(())((((())))), ()(())(((()()))), ()(())(((())())), ()(())(((()))()), ()(())(((())))(), ()(())((()(()))), ()(())((()()())), ()(())((()())()), ()(())((()()))(), ()(())((())(())), ()(())((())()()), ()(())((())())(), ()(())((()))(()), ()(())((()))()(), ()(())(()((()))), ()(())(()(()())), ()(())(()(())()), ()(())(()(()))(), ()(())(()()(())), ()(())(()()()()), ()(())(()()())(), ()(())(()())(()), ()(())(()())()(), ()(())(())((())), ()(())(())(()()), ()(())(())(())(), ()(())(())()(()), ()(())(())()()(), ()(())()(((()))), ()(())()((()())), ()(())()((())()), ()(())()((()))(), ()(())()(()(())), ()(())()(()()()), ()(())()(()())(), ()(())()(())(()), ()(())()(())()(), ()(())()()((())), ()(())()()(()()), ()(())()()(())(), ()(())()()()(()), ()(())()()()()(), ()()(((((()))))), ()()((((()())))), ()()((((())()))), ()()((((()))())), ()()((((())))()), ()()((((()))))(), ()()(((()(())))), ()()(((()()()))), ()()(((()())())), ()()(((()()))()), ()()(((()())))(), ()()(((())(()))), ()()(((())()())), ()()(((())())()), ()()(((())()))(), ()()(((()))(())), ()()(((()))()()), ()()(((()))())(), ()()(((())))(()), ()()(((())))()(), ()()((()((())))), ()()((()(()()))), ()()((()(())())), ()()((()(()))()), ()()((()(())))(), ()()((()()(()))), ()()((()()()())), ()()((()()())()), ()()((()()()))(), ()()((()())(())), ()()((()())()()), ()()((()())())(), ()()((()()))(()), ()()((()()))()(), ()()((())((()))), ()()((())(()())), ()()((())(())()), ()()((())(()))(), ()()((())()(())), ()()((())()()()), ()()((())()())(), ()()((())())(()), ()()((())())()(), ()()((()))((())), ()()((()))(()()), ()()((()))(())(), ()()((()))()(()), ()()((()))()()(), ()()(()(((())))), ()()(()((()()))), ()()(()((())())), ()()(()((()))()), ()()(()((())))(), ()()(()(()(()))), ()()(()(()()())), ()()(()(()())()), ()()(()(()()))(), ()()(()(())(())), ()()(()(())()()), ()()(()(())())(), ()()(()(()))(()), ()()(()(()))()(), ()()(()()((()))), ()()(()()(()())), ()()(()()(())()), ()()(()()(()))(), ()()(()()()(())), ()()(()()()()()), ()()(()()()())(), ()()(()()())(()), ()()(()()())()(), ()()(()())((())), ()()(()())(()()), ()()(()())(())(), ()()(()())()(()), ()()(()())()()(), ()()(())(((()))), ()()(())((()())), ()()(())((())()), ()()(())((()))(), ()()(())(()(())), ()()(())(()()()), ()()(())(()())(), ()()(())(())(()), ()()(())(())()(), ()()(())()((())), ()()(())()(()()), ()()(())()(())(), ()()(())()()(()), ()()(())()()()(), ()()()((((())))), ()()()(((()()))), ()()()(((())())), ()()()(((()))()), ()()()(((())))(), ()()()((()(()))), ()()()((()()())), ()()()((()())()), ()()()((()()))(), ()()()((())(())), ()()()((())()()), ()()()((())())(), ()()()((()))(()), ()()()((()))()(), ()()()(()((()))), ()()()(()(()())), ()()()(()(())()), ()()()(()(()))(), ()()()(()()(())), ()()()(()()()()), ()()()(()()())(), ()()()(()())(()), ()()()(()())()(), ()()()(())((())), ()()()(())(()()), ()()()(())(())(), ()()()(())()(()), ()()()(())()()(), ()()()()(((()))), ()()()()((()())), ()()()()((())()), ()()()()((()))(), ()()()()(()(())), ()()()()(()()()), ()()()()(()())(), ()()()()(())(()), ()()()()(())()(), ()()()()()((())), ()()()()()(()()), ()()()()()(())(), ()()()()()()(()), ()()()()()()()()]
]]></system-out>
  </testcase>
  <testcase name="rejectIllegalInput" classname="zest.GenerateParenthesesTest" time="0.011"/>
  <testcase name="testGenerateParenthesesForThree" classname="zest.GenerateParenthesesTest" time="0.003"/>
  <testcase name="testGenerateParenthesesForOne" classname="zest.GenerateParenthesesTest" time="0.004"/>
  <testcase name="testGenerateParenthesesForTwo" classname="zest.GenerateParenthesesTest" time="0.001"/>
  <testcase name="testGenerateParenthesesSizes" classname="zest.GenerateParenthesesTest" time="0.014"/>
</testsuite>