<?xml version="1.0" encoding="UTF-8"?>
<testsuite xmlns:xsi="http://www.w3.org/2001/XMLSchema-instance" xsi:noNamespaceSchemaLocation="https://maven.apache.org/surefire/maven-surefire-plugin/xsd/surefire-test-report.xsd" name="zest.PalindromeTwoTest" time="0.065" tests="12" errors="0" skipped="0" failures="0">
  <properties>
[...]
</properties>
  <testcase name="specificationTest{int, boolean}[1]" classname="zest.PalindromeTwoTest" time="0.029"/>
  <testcase name="specificationTest{int, boolean}[2]" classname="zest.PalindromeTwoTest" time="0.001"/>
  <testcase name="specificationTest{int, boolean}[3]" classname="zest.PalindromeTwoTest" time="0"/>
  <testcase name="specificationTest{int, boolean}[4]" classname="zest.PalindromeTwoTest" time="0"/>
  <testcase name="specificationTest{int, boolean}[5]" classname="zest.PalindromeTwoTest" time="0"/>
  <testcase name="specificationTest{int, boolean}[6]" classname="zest.PalindromeTwoTest" time="0"/>
  <testcase name="specificationTest{int, boolean}[7]" classname="zest.PalindromeTwoTest" time="0"/>
  <testcase name="specificationTest{int, boolean}[8]" classname="zest.PalindromeTwoTest" time="0"/>
  <testcase name="specificationTest{int, boolean}[9]" classname="zest.PalindromeTwoTest" time="0"/>
  <testcase name="specificationTest{int, boolean}[10]" classname="zest.PalindromeTwoTest" time="0"/>
  <testcase name="specificationTest{int, boolean}[11]" classname="zest.PalindromeTwoTest" time="0"/>
  <testcase name="exceptionalValsTest" classname="zest.PalindromeTwoTest" time="0.001"/>
</testsuite>